This file contains any messages produced by compilers while
running configure, to aid debugging if configure makes a mistake.

It was created by flac configure 1.5.0, which was
generated by GNU Autoconf 2.71.  Invocation command line was

  $ ./configure --disable-shared --enable-static --disable-ogg --disable-programs --disable-examples --prefix=/home/harry/MISRC_GUI/build/workspace

## --------- ##
## Platform. ##
## --------- ##

hostname = decode
uname -m = x86_64
uname -r = 5.15.0-153-generic
uname -s = Linux
uname -v = #163-Ubuntu SMP Thu Aug 7 16:37:18 UTC 2025

/usr/bin/uname -p = x86_64
/bin/uname -X     = unknown

/bin/arch              = x86_64
/usr/bin/arch -k       = unknown
/usr/convex/getsysinfo = unknown
/usr/bin/hostinfo      = unknown
/bin/machine           = unknown
/usr/bin/oslevel       = unknown
/bin/universe          = unknown

PATH: /home/harry/MISRC_GUI/build/workspace/bin/
PATH: /home/harry/.local/bin/
PATH: /home/harry/bin/
PATH: /home/harry/bin/
PATH: /home/linuxbrew/.linuxbrew/bin/
PATH: /home/linuxbrew/.linuxbrew/sbin/
PATH: /home/harry/.cargo/bin/
PATH: /home/harry/.local/bin/
PATH: /home/harry/bin/
PATH: /usr/local/bin/
PATH: /usr/bin/
PATH: /bin/
PATH: /home/harry/.local/bin/
PATH: /home/harry/.local/bin/
PATH: /home/harry/.local/bin/


## ----------- ##
## Core tests. ##
## ----------- ##

configure:3129: looking for aux files: config.rpath config.guess config.sub ltmain.sh ar-lib compile missing install-sh
configure:3142:  trying ./
configure:3171:   ./config.rpath found
configure:3171:   ./config.guess found
configure:3171:   ./config.sub found
configure:3171:   ./ltmain.sh found
configure:3171:   ./ar-lib found
configure:3171:   ./compile found
configure:3171:   ./missing found
configure:3153:   ./install-sh found
configure:3304: checking for a BSD-compatible install
configure:3377: result: /usr/bin/install -c
configure:3388: checking whether build environment is sane
configure:3443: result: yes
configure:3602: checking for a race-free mkdir -p
configure:3646: result: /usr/bin/mkdir -p
configure:3653: checking for gawk
configure:3674: found /usr/bin/gawk
configure:3685: result: gawk
configure:3696: checking whether make sets $(MAKE)
configure:3719: result: yes
configure:3749: checking whether make supports nested variables
configure:3767: result: yes
configure:3842: checking how to create a pax tar archive
configure:3853: tar --version
tar (GNU tar) 1.34
Copyright (C) 2021 Free Software Foundation, Inc.
License GPLv3+: GNU GPL version 3 or later <https://gnu.org/licenses/gpl.html>.
This is free software: you are free to change and redistribute it.
There is NO WARRANTY, to the extent permitted by law.

Written by John Gilmore and Jay Fenlason.
configure:3856: $? = 0
configure:3896: tardir=conftest.dir && eval tar --format=posix -chf - "$tardir" >conftest.tar
configure:3899: $? = 0
configure:3903: tar -xf - <conftest.tar
configure:3906: $? = 0
configure:3908: cat conftest.dir/file
GrepMe
configure:3911: $? = 0
configure:3925: result: gnutar
configure:4001: checking whether make supports nested variables
configure:4019: result: yes
configure:4033: checking whether to enable debugging
configure:4098: result: no
configure:4198: checking for gcc
configure:4219: found /usr/bin/gcc
configure:4230: result: gcc
configure:4583: checking for C compiler version
configure:4592: gcc --version >&5
gcc (Ubuntu 11.4.0-1ubuntu1~22.04.2) 11.4.0
Copyright (C) 2021 Free Software Foundation, Inc.
This is free software; see the source for copying conditions.  There is NO
warranty; not even for MERCHANTABILITY or FITNESS FOR A PARTICULAR PURPOSE.

configure:4603: $? = 0
configure:4592: gcc -v >&5
Using built-in specs.
COLLECT_GCC=gcc
COLLECT_LTO_WRAPPER=/usr/lib/gcc/x86_64-linux-gnu/11/lto-wrapper
OFFLOAD_TARGET_NAMES=nvptx-none:amdgcn-amdhsa
OFFLOAD_TARGET_DEFAULT=1
Target: x86_64-linux-gnu
Configured with: ../src/configure -v --with-pkgversion='Ubuntu 11.4.0-1ubuntu1~22.04.2' --with-bugurl=file:///usr/share/doc/gcc-11/README.Bugs --enable-languages=c,ada,c++,go,brig,d,fortran,objc,obj-c++,m2 --prefix=/usr --with-gcc-major-version-only --program-suffix=-11 --program-prefix=x86_64-linux-gnu- --enable-shared --enable-linker-build-id --libexecdir=/usr/lib --without-included-gettext --enable-threads=posix --libdir=/usr/lib --enable-nls --enable-bootstrap --enable-clocale=gnu --enable-libstdcxx-debug --enable-libstdcxx-time=yes --with-default-libstdcxx-abi=new --enable-gnu-unique-object --disable-vtable-verify --enable-plugin --enable-default-pie --with-system-zlib --enable-libphobos-checking=release --with-target-system-zlib=auto --enable-objc-gc=auto --enable-multiarch --disable-werror --enable-cet --with-arch-32=i686 --with-abi=m64 --with-multilib-list=m32,m64,mx32 --enable-multilib --with-tune=generic --enable-offload-targets=nvptx-none=/build/gcc-11-2Y5pKs/gcc-11-11.4.0/debian/tmp-nvptx/usr,amdgcn-amdhsa=/build/gcc-11-2Y5pKs/gcc-11-11.4.0/debian/tmp-gcn/usr --without-cuda-driver --enable-checking=release --build=x86_64-linux-gnu --host=x86_64-linux-gnu --target=x86_64-linux-gnu --with-build-config=bootstrap-lto-lean --enable-link-serialization=2
Thread model: posix
Supported LTO compression algorithms: zlib zstd
gcc version 11.4.0 (Ubuntu 11.4.0-1ubuntu1~22.04.2) 
... rest of stderr output deleted ...
configure:4603: $? = 0
configure:4592: gcc -V >&5
gcc: error: unrecognized command-line option '-V'
gcc: fatal error: no input files
compilation terminated.
configure:4603: $? = 1
configure:4592: gcc -qversion >&5
gcc: error: unrecognized command-line option '-qversion'; did you mean '--version'?
gcc: fatal error: no input files
compilation terminated.
configure:4603: $? = 1
configure:4592: gcc -version >&5
gcc: error: unrecognized command-line option '-version'
gcc: fatal error: no input files
compilation terminated.
configure:4603: $? = 1
configure:4623: checking whether the C compiler works
configure:4645: gcc    conftest.c  >&5
configure:4649: $? = 0
configure:4699: result: yes
configure:4702: checking for C compiler default output file name
configure:4704: result: a.out
configure:4710: checking for suffix of executables
configure:4717: gcc -o conftest    conftest.c  >&5
configure:4721: $? = 0
configure:4744: result: 
configure:4766: checking whether we are cross compiling
configure:4774: gcc -o conftest    conftest.c  >&5
configure:4778: $? = 0
configure:4785: ./conftest
configure:4789: $? = 0
configure:4804: result: no
configure:4809: checking for suffix of object files
configure:4832: gcc -c   conftest.c >&5
configure:4836: $? = 0
configure:4858: result: o
configure:4862: checking whether the compiler supports GNU C
configure:4882: gcc -c   conftest.c >&5
configure:4882: $? = 0
configure:4892: result: yes
configure:4903: checking whether gcc accepts -g
configure:4924: gcc -c -g  conftest.c >&5
configure:4924: $? = 0
configure:4968: result: yes
configure:4988: checking for gcc option to enable C11 features
configure:5003: gcc  -c   conftest.c >&5
configure:5003: $? = 0
configure:5021: result: none needed
configure:5137: checking whether gcc understands -c and -o together
configure:5160: gcc -c conftest.c -o conftest2.o
configure:5163: $? = 0
configure:5160: gcc -c conftest.c -o conftest2.o
configure:5163: $? = 0
configure:5175: result: yes
configure:5195: checking whether make supports the include directive
configure:5210: make -f confmf.GNU && cat confinc.out
this is the am__doit target
configure:5213: $? = 0
configure:5232: result: yes (GNU style)
configure:5258: checking dependency style of gcc
configure:5370: result: gcc3
configure:5390: checking for stdio.h
configure:5390: gcc -c   conftest.c >&5
configure:5390: $? = 0
configure:5390: result: yes
configure:5390: checking for stdlib.h
configure:5390: gcc -c   conftest.c >&5
configure:5390: $? = 0
configure:5390: result: yes
configure:5390: checking for string.h
configure:5390: gcc -c   conftest.c >&5
configure:5390: $? = 0
configure:5390: result: yes
configure:5390: checking for inttypes.h
configure:5390: gcc -c   conftest.c >&5
configure:5390: $? = 0
configure:5390: result: yes
configure:5390: checking for stdint.h
configure:5390: gcc -c   conftest.c >&5
configure:5390: $? = 0
configure:5390: result: yes
configure:5390: checking for strings.h
configure:5390: gcc -c   conftest.c >&5
configure:5390: $? = 0
configure:5390: result: yes
configure:5390: checking for sys/stat.h
configure:5390: gcc -c   conftest.c >&5
configure:5390: $? = 0
configure:5390: result: yes
configure:5390: checking for sys/types.h
configure:5390: gcc -c   conftest.c >&5
configure:5390: $? = 0
configure:5390: result: yes
configure:5390: checking for unistd.h
configure:5390: gcc -c   conftest.c >&5
configure:5390: $? = 0
configure:5390: result: yes
configure:5390: checking for wchar.h
configure:5390: gcc -c   conftest.c >&5
configure:5390: $? = 0
configure:5390: result: yes
configure:5390: checking for minix/config.h
configure:5390: gcc -c   conftest.c >&5
conftest.c:50:10: fatal error: minix/config.h: No such file or directory
   50 | #include <minix/config.h>
      |          ^~~~~~~~~~~~~~~~
compilation terminated.
configure:5390: $? = 1
configure: failed program was:
| /* confdefs.h */
| #define PACKAGE_NAME "flac"
| #define PACKAGE_TARNAME "flac"
| #define PACKAGE_VERSION "1.5.0"
| #define PACKAGE_STRING "flac 1.5.0"
| #define PACKAGE_BUGREPORT "flac-dev@xiph.org"
| #define PACKAGE_URL "https://www.xiph.org/flac/"
| #define PACKAGE "flac"
| #define VERSION "1.5.0"
| #define NDEBUG /**/
| #define HAVE_STDIO_H 1
| #define HAVE_STDLIB_H 1
| #define HAVE_STRING_H 1
| #define HAVE_INTTYPES_H 1
| #define HAVE_STDINT_H 1
| #define HAVE_STRINGS_H 1
| #define HAVE_SYS_STAT_H 1
| #define HAVE_SYS_TYPES_H 1
| #define HAVE_UNISTD_H 1
| #define HAVE_WCHAR_H 1
| /* end confdefs.h.  */
| #include <stddef.h>
| #ifdef HAVE_STDIO_H
| # include <stdio.h>
| #endif
| #ifdef HAVE_STDLIB_H
| # include <stdlib.h>
| #endif
| #ifdef HAVE_STRING_H
| # include <string.h>
| #endif
| #ifdef HAVE_INTTYPES_H
| # include <inttypes.h>
| #endif
| #ifdef HAVE_STDINT_H
| # include <stdint.h>
| #endif
| #ifdef HAVE_STRINGS_H
| # include <strings.h>
| #endif
| #ifdef HAVE_SYS_TYPES_H
| # include <sys/types.h>
| #endif
| #ifdef HAVE_SYS_STAT_H
| # include <sys/stat.h>
| #endif
| #ifdef HAVE_UNISTD_H
| # include <unistd.h>
| #endif
| #include <minix/config.h>
configure:5390: result: no
configure:5421: checking whether it is safe to define __EXTENSIONS__
configure:5440: gcc -c   conftest.c >&5
configure:5440: $? = 0
configure:5448: result: yes
configure:5451: checking whether _XOPEN_SOURCE should be defined
configure:5473: gcc -c   conftest.c >&5
configure:5473: $? = 0
configure:5500: result: no
configure:5611: checking for ar
configure:5632: found /usr/bin/ar
configure:5643: result: ar
configure:5669: checking the archiver (ar) interface
configure:5686: gcc -c   conftest.c >&5
configure:5686: $? = 0
configure:5689: ar cru libconftest.a conftest.o >&5
ar: `u' modifier ignored since `D' is the default (see `U')
configure:5692: $? = 0
configure:5720: result: ar
configure:5772: checking build system type
configure:5787: result: x86_64-pc-linux-gnu
configure:5807: checking host system type
configure:5821: result: x86_64-pc-linux-gnu
configure:5862: checking how to print strings
configure:5889: result: printf
configure:5910: checking for a sed that does not truncate output
configure:5980: result: /usr/bin/sed
configure:5998: checking for grep that handles long lines and -e
configure:6062: result: /usr/bin/grep
configure:6067: checking for egrep
configure:6135: result: /usr/bin/grep -E
configure:6140: checking for fgrep
configure:6208: result: /usr/bin/grep -F
configure:6244: checking for ld used by gcc
configure:6312: result: /usr/bin/ld
configure:6319: checking if the linker (/usr/bin/ld) is GNU ld
configure:6335: result: yes
configure:6347: checking for BSD- or MS-compatible name lister (nm)
configure:6402: result: /usr/bin/nm -B
configure:6542: checking the name lister (/usr/bin/nm -B) interface
configure:6550: gcc -c   conftest.c >&5
configure:6553: /usr/bin/nm -B "conftest.o"
configure:6556: output
0000000000000000 B some_variable
configure:6563: result: BSD nm
configure:6566: checking whether ln -s works
configure:6570: result: yes
configure:6578: checking the maximum length of command line arguments
configure:6710: result: 1572864
configure:6758: checking how to convert x86_64-pc-linux-gnu file names to x86_64-pc-linux-gnu format
configure:6799: result: func_convert_file_noop
configure:6806: checking how to convert x86_64-pc-linux-gnu file names to toolchain format
configure:6827: result: func_convert_file_noop
configure:6834: checking for /usr/bin/ld option to reload object files
configure:6842: result: -r
configure:6921: checking for file
configure:6942: found /usr/bin/file
configure:6953: result: file
configure:7029: checking for objdump
configure:7050: found /usr/bin/objdump
configure:7061: result: objdump
configure:7090: checking how to recognize dependent libraries
configure:7291: result: pass_all
configure:7381: checking for dlltool
configure:7416: result: no
configure:7443: checking how to associate runtime and link libraries
configure:7471: result: printf %s\n
configure:7621: checking for archiver @FILE support
configure:7639: gcc -c   conftest.c >&5
configure:7639: $? = 0
configure:7643: ar cr libconftest.a @conftest.lst >&5
configure:7646: $? = 0
configure:7651: ar cr libconftest.a @conftest.lst >&5
ar: conftest.o: No such file or directory
configure:7654: $? = 1
configure:7666: result: @
configure:7729: checking for strip
configure:7750: found /usr/bin/strip
configure:7761: result: strip
configure:7838: checking for ranlib
configure:7859: found /usr/bin/ranlib
configure:7870: result: ranlib
configure:7972: checking command to parse /usr/bin/nm -B output from gcc object
configure:8126: gcc -c   conftest.c >&5
configure:8129: $? = 0
configure:8133: /usr/bin/nm -B conftest.o | /usr/bin/sed -n -e 's/^.*[	 ]\([ABCDGIRSTW][ABCDGIRSTW]*\)[	 ][	 ]*\([_A-Za-z][_A-Za-z0-9]*\)$/\1 \2 \2/p' | /usr/bin/sed '/ __gnu_lto/d' > conftest.nm
configure:8199: gcc -o conftest    conftest.c conftstm.o >&5
configure:8202: $? = 0
configure:8240: result: ok
configure:8287: checking for sysroot
configure:8318: result: no
configure:8325: checking for a working dd
configure:8369: result: /usr/bin/dd
configure:8373: checking how to truncate binary pipes
configure:8389: result: /usr/bin/dd bs=4096 count=1
configure:8526: gcc -c   conftest.c >&5
configure:8529: $? = 0
configure:8726: checking for mt
configure:8747: found /usr/bin/mt
configure:8758: result: mt
configure:8781: checking if mt is a manifest tool
configure:8788: mt '-?'
usage: mt [-v] [--version] [-h] [ -f device ] command [ count ]
default tape device: /dev/tape
configure:8796: result: no
configure:9517: checking for dlfcn.h
configure:9517: gcc -c   conftest.c >&5
configure:9517: $? = 0
configure:9517: result: yes
configure:10102: checking for objdir
configure:10118: result: .libs
configure:10382: checking if gcc supports -fno-rtti -fno-exceptions
configure:10401: gcc -c   -fno-rtti -fno-exceptions conftest.c >&5
cc1: warning: command-line option '-fno-rtti' is valid for C++/D/ObjC++ but not for C
configure:10405: $? = 0
configure:10418: result: no
configure:10782: checking for gcc option to produce PIC
configure:10790: result: -fPIC -DPIC
configure:10798: checking if gcc PIC flag -fPIC -DPIC works
configure:10817: gcc -c   -fPIC -DPIC -DPIC conftest.c >&5
configure:10821: $? = 0
configure:10834: result: yes
configure:10863: checking if gcc static flag -static works
configure:10892: result: yes
configure:10907: checking if gcc supports -c -o file.o
configure:10929: gcc -c   -o out/conftest2.o conftest.c >&5
configure:10933: $? = 0
configure:10955: result: yes
configure:10963: checking if gcc supports -c -o file.o
configure:11011: result: yes
configure:11044: checking whether the gcc linker (/usr/bin/ld -m elf_x86_64) supports shared libraries
configure:12318: result: yes
configure:12559: checking dynamic linker characteristics
configure:13141: gcc -o conftest    -Wl,-rpath -Wl,/foo conftest.c  >&5
configure:13141: $? = 0
configure:13392: result: GNU/Linux ld.so
configure:13514: checking how to hardcode library paths into programs
configure:13539: result: immediate
configure:14091: checking whether stripping libraries is possible
configure:14100: result: yes
configure:14142: checking if libtool supports shared libraries
configure:14144: result: yes
configure:14147: checking whether to build shared libraries
configure:14172: result: no
configure:14175: checking whether to build static libraries
configure:14179: result: yes
configure:14225: checking dependency style of gcc
configure:14335: result: gcc3
configure:14419: checking for g++
configure:14440: found /usr/bin/g++
configure:14451: result: g++
configure:14478: checking for C++ compiler version
configure:14487: g++ --version >&5
g++ (Ubuntu 11.4.0-1ubuntu1~22.04.2) 11.4.0
Copyright (C) 2021 Free Software Foundation, Inc.
This is free software; see the source for copying conditions.  There is NO
warranty; not even for MERCHANTABILITY or FITNESS FOR A PARTICULAR PURPOSE.

configure:14498: $? = 0
configure:14487: g++ -v >&5
Using built-in specs.
COLLECT_GCC=g++
COLLECT_LTO_WRAPPER=/usr/lib/gcc/x86_64-linux-gnu/11/lto-wrapper
OFFLOAD_TARGET_NAMES=nvptx-none:amdgcn-amdhsa
OFFLOAD_TARGET_DEFAULT=1
Target: x86_64-linux-gnu
Configured with: ../src/configure -v --with-pkgversion='Ubuntu 11.4.0-1ubuntu1~22.04.2' --with-bugurl=file:///usr/share/doc/gcc-11/README.Bugs --enable-languages=c,ada,c++,go,brig,d,fortran,objc,obj-c++,m2 --prefix=/usr --with-gcc-major-version-only --program-suffix=-11 --program-prefix=x86_64-linux-gnu- --enable-shared --enable-linker-build-id --libexecdir=/usr/lib --without-included-gettext --enable-threads=posix --libdir=/usr/lib --enable-nls --enable-bootstrap --enable-clocale=gnu --enable-libstdcxx-debug --enable-libstdcxx-time=yes --with-default-libstdcxx-abi=new --enable-gnu-unique-object --disable-vtable-verify --enable-plugin --enable-default-pie --with-system-zlib --enable-libphobos-checking=release --with-target-system-zlib=auto --enable-objc-gc=auto --enable-multiarch --disable-werror --enable-cet --with-arch-32=i686 --with-abi=m64 --with-multilib-list=m32,m64,mx32 --enable-multilib --with-tune=generic --enable-offload-targets=nvptx-none=/build/gcc-11-2Y5pKs/gcc-11-11.4.0/debian/tmp-nvptx/usr,amdgcn-amdhsa=/build/gcc-11-2Y5pKs/gcc-11-11.4.0/debian/tmp-gcn/usr --without-cuda-driver --enable-checking=release --build=x86_64-linux-gnu --host=x86_64-linux-gnu --target=x86_64-linux-gnu --with-build-config=bootstrap-lto-lean --enable-link-serialization=2
Thread model: posix
Supported LTO compression algorithms: zlib zstd
gcc version 11.4.0 (Ubuntu 11.4.0-1ubuntu1~22.04.2) 
... rest of stderr output deleted ...
configure:14498: $? = 0
configure:14487: g++ -V >&5
g++: error: unrecognized command-line option '-V'
g++: fatal error: no input files
compilation terminated.
configure:14498: $? = 1
configure:14487: g++ -qversion >&5
g++: error: unrecognized command-line option '-qversion'; did you mean '--version'?
g++: fatal error: no input files
compilation terminated.
configure:14498: $? = 1
configure:14502: checking whether the compiler supports GNU C++
configure:14522: g++ -c   conftest.cpp >&5
configure:14522: $? = 0
configure:14532: result: yes
configure:14543: checking whether g++ accepts -g
configure:14564: g++ -c -g  conftest.cpp >&5
configure:14564: $? = 0
configure:14608: result: yes
configure:14628: checking for g++ option to enable C++11 features
configure:14643: g++  -c   conftest.cpp >&5
conftest.cpp: In function 'int main(int, char**)':
conftest.cpp:207:25: warning: empty parentheses were disambiguated as a function declaration [-Wvexing-parse]
  207 |   cxx11test::delegate d2();
      |                         ^~
conftest.cpp:207:25: note: remove parentheses to default-initialize a variable
  207 |   cxx11test::delegate d2();
      |                         ^~
      |                         --
conftest.cpp:207:25: note: or replace parentheses with braces to value-initialize a variable
configure:14643: $? = 0
configure:14661: result: none needed
configure:14727: checking dependency style of g++
configure:14839: result: gcc3
configure:14872: checking how to run the C++ preprocessor
configure:14894: g++ -E  conftest.cpp
configure:14894: $? = 0
configure:14909: g++ -E  conftest.cpp
conftest.cpp:41:10: fatal error: ac_nonexistent.h: No such file or directory
   41 | #include <ac_nonexistent.h>
      |          ^~~~~~~~~~~~~~~~~~
compilation terminated.
configure:14909: $? = 1
configure: failed program was:
| /* confdefs.h */
| #define PACKAGE_NAME "flac"
| #define PACKAGE_TARNAME "flac"
| #define PACKAGE_VERSION "1.5.0"
| #define PACKAGE_STRING "flac 1.5.0"
| #define PACKAGE_BUGREPORT "flac-dev@xiph.org"
| #define PACKAGE_URL "https://www.xiph.org/flac/"
| #define PACKAGE "flac"
| #define VERSION "1.5.0"
| #define NDEBUG /**/
| #define HAVE_STDIO_H 1
| #define HAVE_STDLIB_H 1
| #define HAVE_STRING_H 1
| #define HAVE_INTTYPES_H 1
| #define HAVE_STDINT_H 1
| #define HAVE_STRINGS_H 1
| #define HAVE_SYS_STAT_H 1
| #define HAVE_SYS_TYPES_H 1
| #define HAVE_UNISTD_H 1
| #define HAVE_WCHAR_H 1
| #define STDC_HEADERS 1
| #define _ALL_SOURCE 1
| #define _DARWIN_C_SOURCE 1
| #define _GNU_SOURCE 1
| #define _HPUX_ALT_XOPEN_SOCKET_API 1
| #define _NETBSD_SOURCE 1
| #define _OPENBSD_SOURCE 1
| #define _POSIX_PTHREAD_SEMANTICS 1
| #define __STDC_WANT_IEC_60559_ATTRIBS_EXT__ 1
| #define __STDC_WANT_IEC_60559_BFP_EXT__ 1
| #define __STDC_WANT_IEC_60559_DFP_EXT__ 1
| #define __STDC_WANT_IEC_60559_FUNCS_EXT__ 1
| #define __STDC_WANT_IEC_60559_TYPES_EXT__ 1
| #define __STDC_WANT_LIB_EXT2__ 1
| #define __STDC_WANT_MATH_SPEC_FUNCS__ 1
| #define _TANDEM_SOURCE 1
| #define __EXTENSIONS__ 1
| #define HAVE_DLFCN_H 1
| #define LT_OBJDIR ".libs/"
| /* end confdefs.h.  */
| #include <ac_nonexistent.h>
configure:14936: result: g++ -E
configure:14950: g++ -E  conftest.cpp
configure:14950: $? = 0
configure:14965: g++ -E  conftest.cpp
conftest.cpp:41:10: fatal error: ac_nonexistent.h: No such file or directory
   41 | #include <ac_nonexistent.h>
      |          ^~~~~~~~~~~~~~~~~~
compilation terminated.
configure:14965: $? = 1
configure: failed program was:
| /* confdefs.h */
| #define PACKAGE_NAME "flac"
| #define PACKAGE_TARNAME "flac"
| #define PACKAGE_VERSION "1.5.0"
| #define PACKAGE_STRING "flac 1.5.0"
| #define PACKAGE_BUGREPORT "flac-dev@xiph.org"
| #define PACKAGE_URL "https://www.xiph.org/flac/"
| #define PACKAGE "flac"
| #define VERSION "1.5.0"
| #define NDEBUG /**/
| #define HAVE_STDIO_H 1
| #define HAVE_STDLIB_H 1
| #define HAVE_STRING_H 1
| #define HAVE_INTTYPES_H 1
| #define HAVE_STDINT_H 1
| #define HAVE_STRINGS_H 1
| #define HAVE_SYS_STAT_H 1
| #define HAVE_SYS_TYPES_H 1
| #define HAVE_UNISTD_H 1
| #define HAVE_WCHAR_H 1
| #define STDC_HEADERS 1
| #define _ALL_SOURCE 1
| #define _DARWIN_C_SOURCE 1
| #define _GNU_SOURCE 1
| #define _HPUX_ALT_XOPEN_SOCKET_API 1
| #define _NETBSD_SOURCE 1
| #define _OPENBSD_SOURCE 1
| #define _POSIX_PTHREAD_SEMANTICS 1
| #define __STDC_WANT_IEC_60559_ATTRIBS_EXT__ 1
| #define __STDC_WANT_IEC_60559_BFP_EXT__ 1
| #define __STDC_WANT_IEC_60559_DFP_EXT__ 1
| #define __STDC_WANT_IEC_60559_FUNCS_EXT__ 1
| #define __STDC_WANT_IEC_60559_TYPES_EXT__ 1
| #define __STDC_WANT_LIB_EXT2__ 1
| #define __STDC_WANT_MATH_SPEC_FUNCS__ 1
| #define _TANDEM_SOURCE 1
| #define __EXTENSIONS__ 1
| #define HAVE_DLFCN_H 1
| #define LT_OBJDIR ".libs/"
| /* end confdefs.h.  */
| #include <ac_nonexistent.h>
configure:15130: checking for ld used by g++
configure:15198: result: /usr/bin/ld -m elf_x86_64
configure:15205: checking if the linker (/usr/bin/ld -m elf_x86_64) is GNU ld
configure:15221: result: yes
configure:15276: checking whether the g++ linker (/usr/bin/ld -m elf_x86_64) supports shared libraries
configure:16354: result: yes
configure:16390: g++ -c   conftest.cpp >&5
configure:16393: $? = 0
configure:16874: checking for g++ option to produce PIC
configure:16882: result: -fPIC -DPIC
configure:16890: checking if g++ PIC flag -fPIC -DPIC works
configure:16909: g++ -c   -fPIC -DPIC -DPIC conftest.cpp >&5
configure:16913: $? = 0
configure:16926: result: yes
configure:16949: checking if g++ static flag -static works
configure:16978: result: yes
configure:16990: checking if g++ supports -c -o file.o
configure:17012: g++ -c   -o out/conftest2.o conftest.cpp >&5
configure:17016: $? = 0
configure:17038: result: yes
configure:17043: checking if g++ supports -c -o file.o
configure:17091: result: yes
configure:17121: checking whether the g++ linker (/usr/bin/ld -m elf_x86_64) supports shared libraries
configure:17164: result: yes
configure:17306: checking dynamic linker characteristics
configure:18066: result: GNU/Linux ld.so
configure:18131: checking how to hardcode library paths into programs
configure:18156: result: immediate
configure:18196: checking whether we are using the CLANG C compiler
configure:18220: gcc -o conftest    conftest.c  >&5
conftest.c: In function 'main':
conftest.c:49:33: error: unknown type name 'This'
   49 |                                 This is not clang!
      |                                 ^~~~
conftest.c:49:41: error: expected '=', ',', ';', 'asm' or '__attribute__' before 'not'
   49 |                                 This is not clang!
      |                                         ^~~
configure:18220: $? = 1
configure: failed program was:
| /* confdefs.h */
| #define PACKAGE_NAME "flac"
| #define PACKAGE_TARNAME "flac"
| #define PACKAGE_VERSION "1.5.0"
| #define PACKAGE_STRING "flac 1.5.0"
| #define PACKAGE_BUGREPORT "flac-dev@xiph.org"
| #define PACKAGE_URL "https://www.xiph.org/flac/"
| #define PACKAGE "flac"
| #define VERSION "1.5.0"
| #define NDEBUG /**/
| #define HAVE_STDIO_H 1
| #define HAVE_STDLIB_H 1
| #define HAVE_STRING_H 1
| #define HAVE_INTTYPES_H 1
| #define HAVE_STDINT_H 1
| #define HAVE_STRINGS_H 1
| #define HAVE_SYS_STAT_H 1
| #define HAVE_SYS_TYPES_H 1
| #define HAVE_UNISTD_H 1
| #define HAVE_WCHAR_H 1
| #define STDC_HEADERS 1
| #define _ALL_SOURCE 1
| #define _DARWIN_C_SOURCE 1
| #define _GNU_SOURCE 1
| #define _HPUX_ALT_XOPEN_SOCKET_API 1
| #define _NETBSD_SOURCE 1
| #define _OPENBSD_SOURCE 1
| #define _POSIX_PTHREAD_SEMANTICS 1
| #define __STDC_WANT_IEC_60559_ATTRIBS_EXT__ 1
| #define __STDC_WANT_IEC_60559_BFP_EXT__ 1
| #define __STDC_WANT_IEC_60559_DFP_EXT__ 1
| #define __STDC_WANT_IEC_60559_FUNCS_EXT__ 1
| #define __STDC_WANT_IEC_60559_TYPES_EXT__ 1
| #define __STDC_WANT_LIB_EXT2__ 1
| #define __STDC_WANT_MATH_SPEC_FUNCS__ 1
| #define _TANDEM_SOURCE 1
| #define __EXTENSIONS__ 1
| #define HAVE_DLFCN_H 1
| #define LT_OBJDIR ".libs/"
| /* end confdefs.h.  */
| 
| 			#include <stdio.h>
| 
| int
| main (void)
| {
| 
| 			#ifndef __clang__
| 				This is not clang!
| 			#endif
| 
|   ;
|   return 0;
| }
configure:18231: result: no
configure:18253: gcc -o conftest    conftest.c  >&5
configure:18253: $? = 0
configure:18264: checking whether make sets $(MAKE)
configure:18287: result: yes
configure:18306: checking for special C compiler options needed for large files
configure:18354: result: no
configure:18360: checking for _FILE_OFFSET_BITS value needed for large files
configure:18386: gcc -c   conftest.c >&5
configure:18386: $? = 0
configure:18420: result: no
configure:18502: checking for _LARGEFILE_SOURCE value needed for large files
configure:18522: gcc -o conftest    conftest.c  >&5
configure:18522: $? = 0
configure:18552: result: no
configure:18576: checking size of off_t
configure:18582: gcc -o conftest    conftest.c  >&5
configure:18582: $? = 0
configure:18582: ./conftest
configure:18582: $? = 0
configure:18597: result: 8
configure:18609: checking size of void*
configure:18615: gcc -o conftest    conftest.c  >&5
configure:18615: $? = 0
configure:18615: ./conftest
configure:18615: $? = 0
configure:18630: result: 8
configure:18638: checking for library containing lround
configure:18668: gcc -o conftest    conftest.c  >&5
conftest.c:48:6: warning: conflicting types for built-in function 'lround'; expected 'long int(double)' [-Wbuiltin-declaration-mismatch]
   48 | char lround ();
      |      ^~~~~~
conftest.c:1:1: note: 'lround' is declared in header '<math.h>'
    1 | /* confdefs.h */
/usr/bin/ld: /tmp/ccvyqDu9.o: in function `main':
conftest.c:(.text+0xe): undefined reference to `lround'
collect2: error: ld returned 1 exit status
configure:18668: $? = 1
configure: failed program was:
| /* confdefs.h */
| #define PACKAGE_NAME "flac"
| #define PACKAGE_TARNAME "flac"
| #define PACKAGE_VERSION "1.5.0"
| #define PACKAGE_STRING "flac 1.5.0"
| #define PACKAGE_BUGREPORT "flac-dev@xiph.org"
| #define PACKAGE_URL "https://www.xiph.org/flac/"
| #define PACKAGE "flac"
| #define VERSION "1.5.0"
| #define NDEBUG /**/
| #define HAVE_STDIO_H 1
| #define HAVE_STDLIB_H 1
| #define HAVE_STRING_H 1
| #define HAVE_INTTYPES_H 1
| #define HAVE_STDINT_H 1
| #define HAVE_STRINGS_H 1
| #define HAVE_SYS_STAT_H 1
| #define HAVE_SYS_TYPES_H 1
| #define HAVE_UNISTD_H 1
| #define HAVE_WCHAR_H 1
| #define STDC_HEADERS 1
| #define _ALL_SOURCE 1
| #define _DARWIN_C_SOURCE 1
| #define _GNU_SOURCE 1
| #define _HPUX_ALT_XOPEN_SOCKET_API 1
| #define _NETBSD_SOURCE 1
| #define _OPENBSD_SOURCE 1
| #define _POSIX_PTHREAD_SEMANTICS 1
| #define __STDC_WANT_IEC_60559_ATTRIBS_EXT__ 1
| #define __STDC_WANT_IEC_60559_BFP_EXT__ 1
| #define __STDC_WANT_IEC_60559_DFP_EXT__ 1
| #define __STDC_WANT_IEC_60559_FUNCS_EXT__ 1
| #define __STDC_WANT_IEC_60559_TYPES_EXT__ 1
| #define __STDC_WANT_LIB_EXT2__ 1
| #define __STDC_WANT_MATH_SPEC_FUNCS__ 1
| #define _TANDEM_SOURCE 1
| #define __EXTENSIONS__ 1
| #define HAVE_DLFCN_H 1
| #define LT_OBJDIR ".libs/"
| #define HAVE_FSEEKO 1
| #define SIZEOF_OFF_T 8
| #define SIZEOF_VOIDP 8
| /* end confdefs.h.  */
| 
| /* Override any GCC internal prototype to avoid an error.
|    Use char because int might match the return type of a GCC
|    builtin and then its argument prototype would still apply.  */
| char lround ();
| int
| main (void)
| {
| return lround ();
|   ;
|   return 0;
| }
configure:18668: gcc -o conftest    conftest.c -lm   >&5
conftest.c:48:6: warning: conflicting types for built-in function 'lround'; expected 'long int(double)' [-Wbuiltin-declaration-mismatch]
   48 | char lround ();
      |      ^~~~~~
conftest.c:1:1: note: 'lround' is declared in header '<math.h>'
    1 | /* confdefs.h */
configure:18668: $? = 0
configure:18688: result: -lm
configure:18701: checking for inline
configure:18718: gcc -c   conftest.c >&5
configure:18718: $? = 0
configure:18727: result: inline
configure:18746: checking for typeof syntax and keyword spelling
configure:18778: gcc -c   conftest.c >&5
configure:18778: $? = 0
configure:18786: result: typeof
configure:18800: checking for stdint.h
configure:18800: result: yes
configure:18806: checking for stdbool.h
configure:18806: gcc -c   conftest.c >&5
configure:18806: $? = 0
configure:18806: result: yes
configure:18812: checking for inttypes.h
configure:18812: result: yes
configure:18818: checking for byteswap.h
configure:18818: gcc -c   conftest.c >&5
configure:18818: $? = 0
configure:18818: result: yes
configure:18824: checking for sys/auxv.h
configure:18824: gcc -c   conftest.c >&5
configure:18824: $? = 0
configure:18824: result: yes
configure:18830: checking for sys/param.h
configure:18830: gcc -c   conftest.c >&5
configure:18830: $? = 0
configure:18830: result: yes
configure:18836: checking for sys/ioctl.h
configure:18836: gcc -c   conftest.c >&5
configure:18836: $? = 0
configure:18836: result: yes
configure:18842: checking for sys/time.h
configure:18842: gcc -c   conftest.c >&5
configure:18842: $? = 0
configure:18842: result: yes
configure:18848: checking for termios.h
configure:18848: gcc -c   conftest.c >&5
configure:18848: $? = 0
configure:18848: result: yes
configure:18854: checking for x86intrin.h
configure:18854: gcc -c   conftest.c >&5
configure:18854: $? = 0
configure:18854: result: yes
configure:18860: checking for cpuid.h
configure:18860: gcc -c   conftest.c >&5
configure:18860: $? = 0
configure:18860: result: yes
configure:18866: checking for arm_neon.h
configure:18866: gcc -c   conftest.c >&5
conftest.c:85:10: fatal error: arm_neon.h: No such file or directory
   85 | #include <arm_neon.h>
      |          ^~~~~~~~~~~~
compilation terminated.
configure:18866: $? = 1
configure: failed program was:
| /* confdefs.h */
| #define PACKAGE_NAME "flac"
| #define PACKAGE_TARNAME "flac"
| #define PACKAGE_VERSION "1.5.0"
| #define PACKAGE_STRING "flac 1.5.0"
| #define PACKAGE_BUGREPORT "flac-dev@xiph.org"
| #define PACKAGE_URL "https://www.xiph.org/flac/"
| #define PACKAGE "flac"
| #define VERSION "1.5.0"
| #define NDEBUG /**/
| #define HAVE_STDIO_H 1
| #define HAVE_STDLIB_H 1
| #define HAVE_STRING_H 1
| #define HAVE_INTTYPES_H 1
| #define HAVE_STDINT_H 1
| #define HAVE_STRINGS_H 1
| #define HAVE_SYS_STAT_H 1
| #define HAVE_SYS_TYPES_H 1
| #define HAVE_UNISTD_H 1
| #define HAVE_WCHAR_H 1
| #define STDC_HEADERS 1
| #define _ALL_SOURCE 1
| #define _DARWIN_C_SOURCE 1
| #define _GNU_SOURCE 1
| #define _HPUX_ALT_XOPEN_SOCKET_API 1
| #define _NETBSD_SOURCE 1
| #define _OPENBSD_SOURCE 1
| #define _POSIX_PTHREAD_SEMANTICS 1
| #define __STDC_WANT_IEC_60559_ATTRIBS_EXT__ 1
| #define __STDC_WANT_IEC_60559_BFP_EXT__ 1
| #define __STDC_WANT_IEC_60559_DFP_EXT__ 1
| #define __STDC_WANT_IEC_60559_FUNCS_EXT__ 1
| #define __STDC_WANT_IEC_60559_TYPES_EXT__ 1
| #define __STDC_WANT_LIB_EXT2__ 1
| #define __STDC_WANT_MATH_SPEC_FUNCS__ 1
| #define _TANDEM_SOURCE 1
| #define __EXTENSIONS__ 1
| #define HAVE_DLFCN_H 1
| #define LT_OBJDIR ".libs/"
| #define HAVE_FSEEKO 1
| #define SIZEOF_OFF_T 8
| #define SIZEOF_VOIDP 8
| #define HAVE_LROUND 1
| #define HAVE_TYPEOF 1
| #define HAVE_STDINT_H 1
| #define HAVE_STDBOOL_H 1
| #define HAVE_INTTYPES_H 1
| #define HAVE_BYTESWAP_H 1
| #define HAVE_SYS_AUXV_H 1
| #define HAVE_SYS_PARAM_H 1
| #define HAVE_SYS_IOCTL_H 1
| #define HAVE_SYS_TIME_H 1
| #define HAVE_TERMIOS_H 1
| #define HAVE_X86INTRIN_H 1
| #define HAVE_CPUID_H 1
| /* end confdefs.h.  */
| #include <stddef.h>
| #ifdef HAVE_STDIO_H
| # include <stdio.h>
| #endif
| #ifdef HAVE_STDLIB_H
| # include <stdlib.h>
| #endif
| #ifdef HAVE_STRING_H
| # include <string.h>
| #endif
| #ifdef HAVE_INTTYPES_H
| # include <inttypes.h>
| #endif
| #ifdef HAVE_STDINT_H
| # include <stdint.h>
| #endif
| #ifdef HAVE_STRINGS_H
| # include <strings.h>
| #endif
| #ifdef HAVE_SYS_TYPES_H
| # include <sys/types.h>
| #endif
| #ifdef HAVE_SYS_STAT_H
| # include <sys/stat.h>
| #endif
| #ifdef HAVE_UNISTD_H
| # include <unistd.h>
| #endif
| #include <arm_neon.h>
configure:18866: result: no
configure:18879: checking for bswap32 intrinsic
configure:18896: gcc -o conftest    conftest.c -lm  >&5
configure:18896: $? = 0
configure:18911: result: yes
configure:18914: checking for bswap16 intrinsic
configure:18931: gcc -o conftest    conftest.c -lm  >&5
configure:18931: $? = 0
configure:18946: result: yes
configure:18952: checking whether byte ordering is bigendian
configure:18968: gcc -c   conftest.c >&5
conftest.c:60:16: error: unknown type name 'not'
   60 |                not a universal capable compiler
      |                ^~~
conftest.c:60:22: error: expected '=', ',', ';', 'asm' or '__attribute__' before 'universal'
   60 |                not a universal capable compiler
      |                      ^~~~~~~~~
conftest.c:60:22: error: unknown type name 'universal'
configure:18968: $? = 1
configure: failed program was:
| /* confdefs.h */
| #define PACKAGE_NAME "flac"
| #define PACKAGE_TARNAME "flac"
| #define PACKAGE_VERSION "1.5.0"
| #define PACKAGE_STRING "flac 1.5.0"
| #define PACKAGE_BUGREPORT "flac-dev@xiph.org"
| #define PACKAGE_URL "https://www.xiph.org/flac/"
| #define PACKAGE "flac"
| #define VERSION "1.5.0"
| #define NDEBUG /**/
| #define HAVE_STDIO_H 1
| #define HAVE_STDLIB_H 1
| #define HAVE_STRING_H 1
| #define HAVE_INTTYPES_H 1
| #define HAVE_STDINT_H 1
| #define HAVE_STRINGS_H 1
| #define HAVE_SYS_STAT_H 1
| #define HAVE_SYS_TYPES_H 1
| #define HAVE_UNISTD_H 1
| #define HAVE_WCHAR_H 1
| #define STDC_HEADERS 1
| #define _ALL_SOURCE 1
| #define _DARWIN_C_SOURCE 1
| #define _GNU_SOURCE 1
| #define _HPUX_ALT_XOPEN_SOCKET_API 1
| #define _NETBSD_SOURCE 1
| #define _OPENBSD_SOURCE 1
| #define _POSIX_PTHREAD_SEMANTICS 1
| #define __STDC_WANT_IEC_60559_ATTRIBS_EXT__ 1
| #define __STDC_WANT_IEC_60559_BFP_EXT__ 1
| #define __STDC_WANT_IEC_60559_DFP_EXT__ 1
| #define __STDC_WANT_IEC_60559_FUNCS_EXT__ 1
| #define __STDC_WANT_IEC_60559_TYPES_EXT__ 1
| #define __STDC_WANT_LIB_EXT2__ 1
| #define __STDC_WANT_MATH_SPEC_FUNCS__ 1
| #define _TANDEM_SOURCE 1
| #define __EXTENSIONS__ 1
| #define HAVE_DLFCN_H 1
| #define LT_OBJDIR ".libs/"
| #define HAVE_FSEEKO 1
| #define SIZEOF_OFF_T 8
| #define SIZEOF_VOIDP 8
| #define HAVE_LROUND 1
| #define HAVE_TYPEOF 1
| #define HAVE_STDINT_H 1
| #define HAVE_STDBOOL_H 1
| #define HAVE_INTTYPES_H 1
| #define HAVE_BYTESWAP_H 1
| #define HAVE_SYS_AUXV_H 1
| #define HAVE_SYS_PARAM_H 1
| #define HAVE_SYS_IOCTL_H 1
| #define HAVE_SYS_TIME_H 1
| #define HAVE_TERMIOS_H 1
| #define HAVE_X86INTRIN_H 1
| #define HAVE_CPUID_H 1
| #define HAVE_BSWAP32 1
| #define HAVE_BSWAP16 1
| /* end confdefs.h.  */
| #ifndef __APPLE_CC__
| 	       not a universal capable compiler
| 	     #endif
| 	     typedef int dummy;
| 
configure:19014: gcc -c   conftest.c >&5
configure:19014: $? = 0
configure:19033: gcc -c   conftest.c >&5
conftest.c: In function 'main':
conftest.c:66:18: error: unknown type name 'not'; did you mean 'ino_t'?
   66 |                  not big endian
      |                  ^~~
      |                  ino_t
conftest.c:66:26: error: expected '=', ',', ';', 'asm' or '__attribute__' before 'endian'
   66 |                  not big endian
      |                          ^~~~~~
configure:19033: $? = 1
configure: failed program was:
| /* confdefs.h */
| #define PACKAGE_NAME "flac"
| #define PACKAGE_TARNAME "flac"
| #define PACKAGE_VERSION "1.5.0"
| #define PACKAGE_STRING "flac 1.5.0"
| #define PACKAGE_BUGREPORT "flac-dev@xiph.org"
| #define PACKAGE_URL "https://www.xiph.org/flac/"
| #define PACKAGE "flac"
| #define VERSION "1.5.0"
| #define NDEBUG /**/
| #define HAVE_STDIO_H 1
| #define HAVE_STDLIB_H 1
| #define HAVE_STRING_H 1
| #define HAVE_INTTYPES_H 1
| #define HAVE_STDINT_H 1
| #define HAVE_STRINGS_H 1
| #define HAVE_SYS_STAT_H 1
| #define HAVE_SYS_TYPES_H 1
| #define HAVE_UNISTD_H 1
| #define HAVE_WCHAR_H 1
| #define STDC_HEADERS 1
| #define _ALL_SOURCE 1
| #define _DARWIN_C_SOURCE 1
| #define _GNU_SOURCE 1
| #define _HPUX_ALT_XOPEN_SOCKET_API 1
| #define _NETBSD_SOURCE 1
| #define _OPENBSD_SOURCE 1
| #define _POSIX_PTHREAD_SEMANTICS 1
| #define __STDC_WANT_IEC_60559_ATTRIBS_EXT__ 1
| #define __STDC_WANT_IEC_60559_BFP_EXT__ 1
| #define __STDC_WANT_IEC_60559_DFP_EXT__ 1
| #define __STDC_WANT_IEC_60559_FUNCS_EXT__ 1
| #define __STDC_WANT_IEC_60559_TYPES_EXT__ 1
| #define __STDC_WANT_LIB_EXT2__ 1
| #define __STDC_WANT_MATH_SPEC_FUNCS__ 1
| #define _TANDEM_SOURCE 1
| #define __EXTENSIONS__ 1
| #define HAVE_DLFCN_H 1
| #define LT_OBJDIR ".libs/"
| #define HAVE_FSEEKO 1
| #define SIZEOF_OFF_T 8
| #define SIZEOF_VOIDP 8
| #define HAVE_LROUND 1
| #define HAVE_TYPEOF 1
| #define HAVE_STDINT_H 1
| #define HAVE_STDBOOL_H 1
| #define HAVE_INTTYPES_H 1
| #define HAVE_BYTESWAP_H 1
| #define HAVE_SYS_AUXV_H 1
| #define HAVE_SYS_PARAM_H 1
| #define HAVE_SYS_IOCTL_H 1
| #define HAVE_SYS_TIME_H 1
| #define HAVE_TERMIOS_H 1
| #define HAVE_X86INTRIN_H 1
| #define HAVE_CPUID_H 1
| #define HAVE_BSWAP32 1
| #define HAVE_BSWAP16 1
| /* end confdefs.h.  */
| #include <sys/types.h>
| 		#include <sys/param.h>
| 
| int
| main (void)
| {
| #if BYTE_ORDER != BIG_ENDIAN
| 		 not big endian
| 		#endif
| 
|   ;
|   return 0;
| }
configure:19167: result: no
configure:19226: checking for getauxval
configure:19226: gcc -o conftest    conftest.c -lm  >&5
configure:19226: $? = 0
configure:19226: result: yes
configure:19234: checking for getopt_long
configure:19234: gcc -o conftest    conftest.c -lm  >&5
configure:19234: $? = 0
configure:19234: result: yes
configure:19246: checking size of void*
configure:19267: result: 8
configure:19849: checking for doxygen
configure:19870: found /usr/bin/doxygen
configure:19881: result: doxygen
configure:20243: checking how to run the C preprocessor
configure:20269: gcc -E  conftest.c
configure:20269: $? = 0
configure:20284: gcc -E  conftest.c
conftest.c:73:10: fatal error: ac_nonexistent.h: No such file or directory
   73 | #include <ac_nonexistent.h>
      |          ^~~~~~~~~~~~~~~~~~
compilation terminated.
configure:20284: $? = 1
configure: failed program was:
| /* confdefs.h */
| #define PACKAGE_NAME "flac"
| #define PACKAGE_TARNAME "flac"
| #define PACKAGE_VERSION "1.5.0"
| #define PACKAGE_STRING "flac 1.5.0"
| #define PACKAGE_BUGREPORT "flac-dev@xiph.org"
| #define PACKAGE_URL "https://www.xiph.org/flac/"
| #define PACKAGE "flac"
| #define VERSION "1.5.0"
| #define NDEBUG /**/
| #define HAVE_STDIO_H 1
| #define HAVE_STDLIB_H 1
| #define HAVE_STRING_H 1
| #define HAVE_INTTYPES_H 1
| #define HAVE_STDINT_H 1
| #define HAVE_STRINGS_H 1
| #define HAVE_SYS_STAT_H 1
| #define HAVE_SYS_TYPES_H 1
| #define HAVE_UNISTD_H 1
| #define HAVE_WCHAR_H 1
| #define STDC_HEADERS 1
| #define _ALL_SOURCE 1
| #define _DARWIN_C_SOURCE 1
| #define _GNU_SOURCE 1
| #define _HPUX_ALT_XOPEN_SOCKET_API 1
| #define _NETBSD_SOURCE 1
| #define _OPENBSD_SOURCE 1
| #define _POSIX_PTHREAD_SEMANTICS 1
| #define __STDC_WANT_IEC_60559_ATTRIBS_EXT__ 1
| #define __STDC_WANT_IEC_60559_BFP_EXT__ 1
| #define __STDC_WANT_IEC_60559_DFP_EXT__ 1
| #define __STDC_WANT_IEC_60559_FUNCS_EXT__ 1
| #define __STDC_WANT_IEC_60559_TYPES_EXT__ 1
| #define __STDC_WANT_LIB_EXT2__ 1
| #define __STDC_WANT_MATH_SPEC_FUNCS__ 1
| #define _TANDEM_SOURCE 1
| #define __EXTENSIONS__ 1
| #define HAVE_DLFCN_H 1
| #define LT_OBJDIR ".libs/"
| #define HAVE_FSEEKO 1
| #define SIZEOF_OFF_T 8
| #define SIZEOF_VOIDP 8
| #define HAVE_LROUND 1
| #define HAVE_TYPEOF 1
| #define HAVE_STDINT_H 1
| #define HAVE_STDBOOL_H 1
| #define HAVE_INTTYPES_H 1
| #define HAVE_BYTESWAP_H 1
| #define HAVE_SYS_AUXV_H 1
| #define HAVE_SYS_PARAM_H 1
| #define HAVE_SYS_IOCTL_H 1
| #define HAVE_SYS_TIME_H 1
| #define HAVE_TERMIOS_H 1
| #define HAVE_X86INTRIN_H 1
| #define HAVE_CPUID_H 1
| #define HAVE_BSWAP32 1
| #define HAVE_BSWAP16 1
| #define CPU_IS_BIG_ENDIAN 0
| #define CPU_IS_LITTLE_ENDIAN 1
| #define WORDS_BIGENDIAN 0
| #define HAVE_GETAUXVAL 1
| #define HAVE_GETOPT_LONG 1
| #define SIZEOF_VOIDP 8
| #define FLAC__CPU_X86_64 1
| #define FLAC__HAS_X86INTRIN 1
| #define FLAC__HAS_NEONINTRIN 0
| #define FLAC__SYS_LINUX 1
| #define FLAC__ALIGN_MALLOC_DATA 1
| #define FLAC__USE_AVX 1
| #define ENABLE_64_BIT_WORDS 1
| #define FLAC__HAS_OGG 0
| /* end confdefs.h.  */
| #include <ac_nonexistent.h>
configure:20311: result: gcc -E
configure:20325: gcc -E  conftest.c
configure:20325: $? = 0
configure:20340: gcc -E  conftest.c
conftest.c:73:10: fatal error: ac_nonexistent.h: No such file or directory
   73 | #include <ac_nonexistent.h>
      |          ^~~~~~~~~~~~~~~~~~
compilation terminated.
configure:20340: $? = 1
configure: failed program was:
| /* confdefs.h */
| #define PACKAGE_NAME "flac"
| #define PACKAGE_TARNAME "flac"
| #define PACKAGE_VERSION "1.5.0"
| #define PACKAGE_STRING "flac 1.5.0"
| #define PACKAGE_BUGREPORT "flac-dev@xiph.org"
| #define PACKAGE_URL "https://www.xiph.org/flac/"
| #define PACKAGE "flac"
| #define VERSION "1.5.0"
| #define NDEBUG /**/
| #define HAVE_STDIO_H 1
| #define HAVE_STDLIB_H 1
| #define HAVE_STRING_H 1
| #define HAVE_INTTYPES_H 1
| #define HAVE_STDINT_H 1
| #define HAVE_STRINGS_H 1
| #define HAVE_SYS_STAT_H 1
| #define HAVE_SYS_TYPES_H 1
| #define HAVE_UNISTD_H 1
| #define HAVE_WCHAR_H 1
| #define STDC_HEADERS 1
| #define _ALL_SOURCE 1
| #define _DARWIN_C_SOURCE 1
| #define _GNU_SOURCE 1
| #define _HPUX_ALT_XOPEN_SOCKET_API 1
| #define _NETBSD_SOURCE 1
| #define _OPENBSD_SOURCE 1
| #define _POSIX_PTHREAD_SEMANTICS 1
| #define __STDC_WANT_IEC_60559_ATTRIBS_EXT__ 1
| #define __STDC_WANT_IEC_60559_BFP_EXT__ 1
| #define __STDC_WANT_IEC_60559_DFP_EXT__ 1
| #define __STDC_WANT_IEC_60559_FUNCS_EXT__ 1
| #define __STDC_WANT_IEC_60559_TYPES_EXT__ 1
| #define __STDC_WANT_LIB_EXT2__ 1
| #define __STDC_WANT_MATH_SPEC_FUNCS__ 1
| #define _TANDEM_SOURCE 1
| #define __EXTENSIONS__ 1
| #define HAVE_DLFCN_H 1
| #define LT_OBJDIR ".libs/"
| #define HAVE_FSEEKO 1
| #define SIZEOF_OFF_T 8
| #define SIZEOF_VOIDP 8
| #define HAVE_LROUND 1
| #define HAVE_TYPEOF 1
| #define HAVE_STDINT_H 1
| #define HAVE_STDBOOL_H 1
| #define HAVE_INTTYPES_H 1
| #define HAVE_BYTESWAP_H 1
| #define HAVE_SYS_AUXV_H 1
| #define HAVE_SYS_PARAM_H 1
| #define HAVE_SYS_IOCTL_H 1
| #define HAVE_SYS_TIME_H 1
| #define HAVE_TERMIOS_H 1
| #define HAVE_X86INTRIN_H 1
| #define HAVE_CPUID_H 1
| #define HAVE_BSWAP32 1
| #define HAVE_BSWAP16 1
| #define CPU_IS_BIG_ENDIAN 0
| #define CPU_IS_LITTLE_ENDIAN 1
| #define WORDS_BIGENDIAN 0
| #define HAVE_GETAUXVAL 1
| #define HAVE_GETOPT_LONG 1
| #define SIZEOF_VOIDP 8
| #define FLAC__CPU_X86_64 1
| #define FLAC__HAS_X86INTRIN 1
| #define FLAC__HAS_NEONINTRIN 0
| #define FLAC__SYS_LINUX 1
| #define FLAC__ALIGN_MALLOC_DATA 1
| #define FLAC__USE_AVX 1
| #define ENABLE_64_BIT_WORDS 1
| #define FLAC__HAS_OGG 0
| /* end confdefs.h.  */
| #include <ac_nonexistent.h>
configure:20531: checking whether gcc is Clang
configure:20558: result: no
configure:20623: checking whether pthreads work with "-pthread" and "-lpthread"
configure:20734: gcc -o conftest  -pthread   conftest.c -lpthread -lm  >&5
configure:20734: $? = 0
configure:20744: result: yes
configure:20867: checking for joinable pthread attribute
configure:20886: gcc -o conftest  -pthread   conftest.c -lpthread -lm  >&5
configure:20886: $? = 0
configure:20895: result: PTHREAD_CREATE_JOINABLE
configure:20908: checking whether more special flags are required for pthreads
configure:20922: result: no
configure:20931: checking for PTHREAD_PRIO_INHERIT
configure:20949: gcc -o conftest  -pthread   conftest.c -lpthread -lm  >&5
configure:20949: $? = 0
configure:20959: result: yes
configure:21190: checking for ld used by gcc
configure:21258: result: /usr/bin/ld -m elf_x86_64
configure:21265: checking if the linker (/usr/bin/ld -m elf_x86_64) is GNU ld
configure:21281: result: yes
configure:21289: checking for shared library run path origin
configure:21303: result: done
configure:21885: checking for iconv
configure:21910: gcc -o conftest  -pthread   conftest.c -lpthread -lm  >&5
configure:21910: $? = 0
configure:21946: result: yes
configure:21949: checking for working iconv
configure:22093: gcc -o conftest  -pthread   conftest.c -lpthread -lm  >&5
configure:22093: $? = 0
configure:22093: ./conftest
configure:22093: $? = 0
configure:22106: result: yes
configure:22134: checking whether iconv is compatible with its POSIX signature
configure:22159: gcc -c  -pthread  conftest.c >&5
configure:22159: $? = 0
configure:22168: result: yes
configure:22198: checking for nl_langinfo and CODESET
configure:22215: gcc -o conftest  -pthread   conftest.c -lpthread -lm  >&5
configure:22215: $? = 0
configure:22225: result: yes
configure:22238: checking for pandoc
configure:22259: found /usr/bin/pandoc
configure:22270: result: pandoc
configure:22307: checking for clock_gettime in -lrt
configure:22330: gcc -o conftest  -pthread   conftest.c -lrt  -lpthread -lm  >&5
configure:22330: $? = 0
configure:22340: result: yes
configure:22355: checking for version of gcc
configure:22358: result: 11
configure:22385: checking if gcc accepts -Wdeclaration-after-statement
configure:22402: gcc -o conftest -Wdeclaration-after-statement   conftest.c -lpthread -lm  >&5
configure:22402: $? = 0
configure:22404: result: yes
configure:22421: checking whether to add -D_FORTIFY_SOURCE=2 to CPPFLAGS
configure:22437: gcc -o conftest -O3 -funroll-loops  -pthread -Wall -Wextra -Wstrict-prototypes -Wmissing-prototypes -Waggregate-return -Wcast-align -Wnested-externs -Wshadow -Wundef -Wmissing-declarations -Winline  -Wdeclaration-after-statement   conftest.c -lpthread -lm  >&5
conftest.c:82:21: warning: function declaration isn't a prototype [-Wstrict-prototypes]
   82 |                 int main() {
      |                     ^~~~
conftest.c: In function 'main':
conftest.c:86:21: error: 'this_is_an_error' undeclared (first use in this function)
   86 |                     this_is_an_error;
      |                     ^~~~~~~~~~~~~~~~
conftest.c:86:21: note: each undeclared identifier is reported only once for each function it appears in
configure:22437: $? = 1
configure: failed program was:
| /* confdefs.h */
| #define PACKAGE_NAME "flac"
| #define PACKAGE_TARNAME "flac"
| #define PACKAGE_VERSION "1.5.0"
| #define PACKAGE_STRING "flac 1.5.0"
| #define PACKAGE_BUGREPORT "flac-dev@xiph.org"
| #define PACKAGE_URL "https://www.xiph.org/flac/"
| #define PACKAGE "flac"
| #define VERSION "1.5.0"
| #define NDEBUG /**/
| #define HAVE_STDIO_H 1
| #define HAVE_STDLIB_H 1
| #define HAVE_STRING_H 1
| #define HAVE_INTTYPES_H 1
| #define HAVE_STDINT_H 1
| #define HAVE_STRINGS_H 1
| #define HAVE_SYS_STAT_H 1
| #define HAVE_SYS_TYPES_H 1
| #define HAVE_UNISTD_H 1
| #define HAVE_WCHAR_H 1
| #define STDC_HEADERS 1
| #define _ALL_SOURCE 1
| #define _DARWIN_C_SOURCE 1
| #define _GNU_SOURCE 1
| #define _HPUX_ALT_XOPEN_SOCKET_API 1
| #define _NETBSD_SOURCE 1
| #define _OPENBSD_SOURCE 1
| #define _POSIX_PTHREAD_SEMANTICS 1
| #define __STDC_WANT_IEC_60559_ATTRIBS_EXT__ 1
| #define __STDC_WANT_IEC_60559_BFP_EXT__ 1
| #define __STDC_WANT_IEC_60559_DFP_EXT__ 1
| #define __STDC_WANT_IEC_60559_FUNCS_EXT__ 1
| #define __STDC_WANT_IEC_60559_TYPES_EXT__ 1
| #define __STDC_WANT_LIB_EXT2__ 1
| #define __STDC_WANT_MATH_SPEC_FUNCS__ 1
| #define _TANDEM_SOURCE 1
| #define __EXTENSIONS__ 1
| #define HAVE_DLFCN_H 1
| #define LT_OBJDIR ".libs/"
| #define HAVE_FSEEKO 1
| #define SIZEOF_OFF_T 8
| #define SIZEOF_VOIDP 8
| #define HAVE_LROUND 1
| #define HAVE_TYPEOF 1
| #define HAVE_STDINT_H 1
| #define HAVE_STDBOOL_H 1
| #define HAVE_INTTYPES_H 1
| #define HAVE_BYTESWAP_H 1
| #define HAVE_SYS_AUXV_H 1
| #define HAVE_SYS_PARAM_H 1
| #define HAVE_SYS_IOCTL_H 1
| #define HAVE_SYS_TIME_H 1
| #define HAVE_TERMIOS_H 1
| #define HAVE_X86INTRIN_H 1
| #define HAVE_CPUID_H 1
| #define HAVE_BSWAP32 1
| #define HAVE_BSWAP16 1
| #define CPU_IS_BIG_ENDIAN 0
| #define CPU_IS_LITTLE_ENDIAN 1
| #define WORDS_BIGENDIAN 0
| #define HAVE_GETAUXVAL 1
| #define HAVE_GETOPT_LONG 1
| #define SIZEOF_VOIDP 8
| #define FLAC__CPU_X86_64 1
| #define FLAC__HAS_X86INTRIN 1
| #define FLAC__HAS_NEONINTRIN 0
| #define FLAC__SYS_LINUX 1
| #define FLAC__ALIGN_MALLOC_DATA 1
| #define FLAC__USE_AVX 1
| #define ENABLE_64_BIT_WORDS 1
| #define FLAC__HAS_OGG 0
| #define HAVE_PTHREAD_PRIO_INHERIT 1
| #define HAVE_PTHREAD 1
| #define HAVE_ICONV 1
| #define ICONV_CONST 
| #define HAVE_LANGINFO_CODESET 1
| #define FLAC__HAS_PANDOC 1
| #define HAVE_CLOCK_GETTIME 1
| /* end confdefs.h.  */
| 
| 
|                 int main() {
|                 #ifndef _FORTIFY_SOURCE
|                     return 0;
|                 #else
|                     this_is_an_error;
|                 #endif
|                 }
| 
| 
configure:22446: result: no
configure:22461: checking if g++ accepts -Weffc++
configure:22479: g++ -o conftest -Weffc++   conftest.cpp -lpthread -lm  >&5
configure:22479: $? = 0
configure:22481: result: yes
configure:22708: checking if gcc supports stack smash protection
configure:22726: gcc -o conftest -fstack-protector-strong  -DFLAC__USE_VISIBILITY_ATTR  conftest.c -lpthread -lm  >&5
configure:22726: $? = 0
configure:22728: result: yes
configure:22746: checking if g++ supports stack smash protection
configure:22764: g++ -o conftest -fstack-protector-strong  -DFLAC__USE_VISIBILITY_ATTR  conftest.cpp -lpthread -lm  >&5
configure:22764: $? = 0
configure:22766: result: yes
configure:22796: checking for git
configure:22817: found /usr/bin/git
configure:22828: result: yes
configure:22862: checking whether C compiler accepts -fassociative-math -fno-signed-zeros -fno-trapping-math -freciprocal-math
configure:22882: gcc -c -O3 -funroll-loops  -pthread -Wall -Wextra -Wstrict-prototypes -Wmissing-prototypes -Waggregate-return -Wcast-align -Wnested-externs -Wshadow -Wundef -Wmissing-declarations -Winline  -Wdeclaration-after-statement -fvisibility=hidden -fstack-protector-strong  -fassociative-math -fno-signed-zeros -fno-trapping-math -freciprocal-math -DFLAC__NO_DLL  -DFLAC__USE_VISIBILITY_ATTR conftest.c >&5
configure:22882: $? = 0
configure:22891: result: yes
configure:23013: checking that generated files are newer than configure
configure:23019: result: done
configure:23139: creating ./config.status

## ---------------------- ##
## Running config.status. ##
## ---------------------- ##

This file was extended by flac config.status 1.5.0, which was
generated by GNU Autoconf 2.71.  Invocation command line was

  CONFIG_FILES    = 
  CONFIG_HEADERS  = 
  CONFIG_LINKS    = 
  CONFIG_COMMANDS = 
  $ ./config.status 

on decode

config.status:1331: creating Makefile
config.status:1331: creating src/Makefile
config.status:1331: creating src/libFLAC/Makefile
config.status:1331: creating src/libFLAC/flac.pc
config.status:1331: creating src/libFLAC/include/Makefile
config.status:1331: creating src/libFLAC/include/private/Makefile
config.status:1331: creating src/libFLAC/include/protected/Makefile
config.status:1331: creating src/libFLAC++/Makefile
config.status:1331: creating src/libFLAC++/flac++.pc
config.status:1331: creating src/flac/Makefile
config.status:1331: creating src/metaflac/Makefile
config.status:1331: creating src/share/Makefile
config.status:1331: creating src/test_grabbag/Makefile
config.status:1331: creating src/test_grabbag/cuesheet/Makefile
config.status:1331: creating src/test_grabbag/picture/Makefile
config.status:1331: creating src/test_libs_common/Makefile
config.status:1331: creating src/test_libFLAC/Makefile
config.status:1331: creating src/test_libFLAC++/Makefile
config.status:1331: creating src/test_seeking/Makefile
config.status:1331: creating src/test_streams/Makefile
config.status:1331: creating src/utils/Makefile
config.status:1331: creating src/utils/flacdiff/Makefile
config.status:1331: creating src/utils/flactimer/Makefile
config.status:1331: creating examples/Makefile
config.status:1331: creating examples/c/Makefile
config.status:1331: creating examples/c/decode/Makefile
config.status:1331: creating examples/c/decode/file/Makefile
config.status:1331: creating examples/c/encode/Makefile
config.status:1331: creating examples/c/encode/file/Makefile
config.status:1331: creating examples/cpp/Makefile
config.status:1331: creating examples/cpp/decode/Makefile
config.status:1331: creating examples/cpp/decode/file/Makefile
config.status:1331: creating examples/cpp/encode/Makefile
config.status:1331: creating examples/cpp/encode/file/Makefile
config.status:1331: creating include/Makefile
config.status:1331: creating include/FLAC/Makefile
config.status:1331: creating include/FLAC++/Makefile
config.status:1331: creating include/share/Makefile
config.status:1331: creating include/share/grabbag/Makefile
config.status:1331: creating include/test_libs_common/Makefile
config.status:1331: creating doc/Doxyfile
config.status:1331: creating doc/Makefile
config.status:1331: creating doc/images/Makefile
config.status:1331: creating m4/Makefile
config.status:1331: creating man/Makefile
config.status:1331: creating test/common.sh
config.status:1331: creating test/Makefile
config.status:1331: creating test/cuesheets/Makefile
config.status:1331: creating test/foreign-metadata-test-files/Makefile
config.status:1331: creating test/flac-to-flac-metadata-test-files/Makefile
config.status:1331: creating test/metaflac-test-files/Makefile
config.status:1331: creating test/pictures/Makefile
config.status:1331: creating oss-fuzz/Makefile
config.status:1331: creating config.h
config.status:1560: executing depfiles commands
config.status:1637: cd src/libFLAC       && sed -e '/# am--include-marker/d' Makefile         | make -f - am--depfiles
config.status:1642: $? = 0
config.status:1637: cd src/libFLAC++       && sed -e '/# am--include-marker/d' Makefile         | make -f - am--depfiles
config.status:1642: $? = 0
config.status:1637: cd src/flac       && sed -e '/# am--include-marker/d' Makefile         | make -f - am--depfiles
config.status:1642: $? = 0
config.status:1637: cd src/metaflac       && sed -e '/# am--include-marker/d' Makefile         | make -f - am--depfiles
config.status:1642: $? = 0
config.status:1637: cd src/share       && sed -e '/# am--include-marker/d' Makefile         | make -f - am--depfiles
config.status:1642: $? = 0
config.status:1637: cd src/test_grabbag/cuesheet       && sed -e '/# am--include-marker/d' Makefile         | make -f - am--depfiles
config.status:1642: $? = 0
config.status:1637: cd src/test_grabbag/picture       && sed -e '/# am--include-marker/d' Makefile         | make -f - am--depfiles
config.status:1642: $? = 0
config.status:1637: cd src/test_libs_common       && sed -e '/# am--include-marker/d' Makefile         | make -f - am--depfiles
config.status:1642: $? = 0
config.status:1637: cd src/test_libFLAC       && sed -e '/# am--include-marker/d' Makefile         | make -f - am--depfiles
config.status:1642: $? = 0
config.status:1637: cd src/test_libFLAC++       && sed -e '/# am--include-marker/d' Makefile         | make -f - am--depfiles
config.status:1642: $? = 0
config.status:1637: cd src/test_seeking       && sed -e '/# am--include-marker/d' Makefile         | make -f - am--depfiles
config.status:1642: $? = 0
config.status:1637: cd src/test_streams       && sed -e '/# am--include-marker/d' Makefile         | make -f - am--depfiles
config.status:1642: $? = 0
config.status:1637: cd examples/c/decode/file       && sed -e '/# am--include-marker/d' Makefile         | make -f - am--depfiles
config.status:1642: $? = 0
config.status:1637: cd examples/c/encode/file       && sed -e '/# am--include-marker/d' Makefile         | make -f - am--depfiles
config.status:1642: $? = 0
config.status:1637: cd examples/cpp/decode/file       && sed -e '/# am--include-marker/d' Makefile         | make -f - am--depfiles
config.status:1642: $? = 0
config.status:1637: cd examples/cpp/encode/file       && sed -e '/# am--include-marker/d' Makefile         | make -f - am--depfiles
config.status:1642: $? = 0
config.status:1637: cd oss-fuzz       && sed -e '/# am--include-marker/d' Makefile         | make -f - am--depfiles
config.status:1642: $? = 0
config.status:1560: executing libtool commands
configure:25612: result:
-=-=-=-=-=-=-=-=-=-= Configuration Complete =-=-=-=-=-=-=-=-=-=-

  Configuration summary :

    FLAC version : ............................ 1.5.0

    Host CPU : ................................ x86_64
    Host Vendor : ............................. pc
    Host OS : ................................. linux-gnu


## ---------------- ##
## Cache variables. ##
## ---------------- ##

ac_cv_build=x86_64-pc-linux-gnu
ac_cv_c_big_endian=0
ac_cv_c_bigendian=no
ac_cv_c_bswap16=yes
ac_cv_c_bswap32=yes
ac_cv_c_compiler_gnu=yes
ac_cv_c_inline=inline
ac_cv_c_little_endian=1
ac_cv_c_typeof=typeof
ac_cv_cxx_compiler_gnu=yes
ac_cv_env_CCASFLAGS_set=
ac_cv_env_CCASFLAGS_value=
ac_cv_env_CCAS_set=
ac_cv_env_CCAS_value=
ac_cv_env_CCC_set=
ac_cv_env_CCC_value=
ac_cv_env_CC_set=
ac_cv_env_CC_value=
ac_cv_env_CFLAGS_set=
ac_cv_env_CFLAGS_value=
ac_cv_env_CPPFLAGS_set=
ac_cv_env_CPPFLAGS_value=
ac_cv_env_CPP_set=
ac_cv_env_CPP_value=
ac_cv_env_CXXCPP_set=
ac_cv_env_CXXCPP_value=
ac_cv_env_CXXFLAGS_set=
ac_cv_env_CXXFLAGS_value=
ac_cv_env_CXX_set=
ac_cv_env_CXX_value=
ac_cv_env_LDFLAGS_set=
ac_cv_env_LDFLAGS_value=
ac_cv_env_LIBS_set=
ac_cv_env_LIBS_value=
ac_cv_env_LT_SYS_LIBRARY_PATH_set=
ac_cv_env_LT_SYS_LIBRARY_PATH_value=
ac_cv_env_build_alias_set=
ac_cv_env_build_alias_value=
ac_cv_env_host_alias_set=
ac_cv_env_host_alias_value=
ac_cv_env_target_alias_set=
ac_cv_env_target_alias_value=
ac_cv_func_getauxval=yes
ac_cv_func_getopt_long=yes
ac_cv_header_arm_neon_h=no
ac_cv_header_byteswap_h=yes
ac_cv_header_cpuid_h=yes
ac_cv_header_dlfcn_h=yes
ac_cv_header_inttypes_h=yes
ac_cv_header_minix_config_h=no
ac_cv_header_stdbool_h=yes
ac_cv_header_stdint_h=yes
ac_cv_header_stdio_h=yes
ac_cv_header_stdlib_h=yes
ac_cv_header_string_h=yes
ac_cv_header_strings_h=yes
ac_cv_header_sys_auxv_h=yes
ac_cv_header_sys_ioctl_h=yes
ac_cv_header_sys_param_h=yes
ac_cv_header_sys_stat_h=yes
ac_cv_header_sys_time_h=yes
ac_cv_header_sys_types_h=yes
ac_cv_header_termios_h=yes
ac_cv_header_unistd_h=yes
ac_cv_header_wchar_h=yes
ac_cv_header_x86intrin_h=yes
ac_cv_host=x86_64-pc-linux-gnu
ac_cv_lib_rt_clock_gettime=yes
ac_cv_objext=o
ac_cv_path_EGREP='/usr/bin/grep -E'
ac_cv_path_FGREP='/usr/bin/grep -F'
ac_cv_path_GREP=/usr/bin/grep
ac_cv_path_SED=/usr/bin/sed
ac_cv_path_install='/usr/bin/install -c'
ac_cv_path_lt_DD=/usr/bin/dd
ac_cv_path_mkdir=/usr/bin/mkdir
ac_cv_prog_AWK=gawk
ac_cv_prog_CPP='gcc -E'
ac_cv_prog_CXXCPP='g++ -E'
ac_cv_prog_DOXYGEN=doxygen
ac_cv_prog_GIT_FOUND=yes
ac_cv_prog_PANDOC=pandoc
ac_cv_prog_ac_ct_AR=ar
ac_cv_prog_ac_ct_CC=gcc
ac_cv_prog_ac_ct_CXX=g++
ac_cv_prog_ac_ct_FILECMD=file
ac_cv_prog_ac_ct_MANIFEST_TOOL=mt
ac_cv_prog_ac_ct_OBJDUMP=objdump
ac_cv_prog_ac_ct_RANLIB=ranlib
ac_cv_prog_ac_ct_STRIP=strip
ac_cv_prog_cc_c11=
ac_cv_prog_cc_g=yes
ac_cv_prog_cc_stdc=
ac_cv_prog_cxx_cxx11=
ac_cv_prog_cxx_g=yes
ac_cv_prog_cxx_stdcxx=
ac_cv_prog_make_make_set=yes
ac_cv_safe_to_define___extensions__=yes
ac_cv_search_lround=-lm
ac_cv_should_define__xopen_source=no
ac_cv_sizeof_off_t=8
ac_cv_sizeof_voidp=8
ac_cv_sys_file_offset_bits=no
ac_cv_sys_largefile_CC=no
ac_cv_sys_largefile_source=no
acl_cv_path_LD='/usr/bin/ld -m elf_x86_64'
acl_cv_prog_gnu_ld=yes
acl_cv_rpath=done
am_cv_CCAS_dependencies_compiler_type=gcc3
am_cv_CC_dependencies_compiler_type=gcc3
am_cv_CXX_dependencies_compiler_type=gcc3
am_cv_ar_interface=ar
am_cv_func_iconv=yes
am_cv_func_iconv_summary='yes, in libc'
am_cv_func_iconv_works=yes
am_cv_langinfo_codeset=yes
am_cv_lib_iconv=no
am_cv_make_support_nested_variables=yes
am_cv_prog_cc_c_o=yes
am_cv_prog_tar_pax=gnutar
ax_cv_PTHREAD_CLANG=no
ax_cv_PTHREAD_JOINABLE_ATTR=PTHREAD_CREATE_JOINABLE
ax_cv_PTHREAD_PRIO_INHERIT=yes
ax_cv_PTHREAD_SPECIAL_FLAGS=no
ax_cv_check_cflags___fassociative_math__fno_signed_zeros__fno_trapping_math__freciprocal_math=yes
gl_cv_iconv_nonconst=yes
lt_cv_ar_at_file=@
lt_cv_deplibs_check_method=pass_all
lt_cv_file_magic_cmd='$MAGIC_CMD'
lt_cv_file_magic_test_file=
lt_cv_ld_reload_flag=-r
lt_cv_nm_interface='BSD nm'
lt_cv_objdir=.libs
lt_cv_path_LD=/usr/bin/ld
lt_cv_path_LDCXX='/usr/bin/ld -m elf_x86_64'
lt_cv_path_NM='/usr/bin/nm -B'
lt_cv_path_mainfest_tool=no
lt_cv_prog_compiler_c_o=yes
lt_cv_prog_compiler_c_o_CXX=yes
lt_cv_prog_compiler_pic='-fPIC -DPIC'
lt_cv_prog_compiler_pic_CXX='-fPIC -DPIC'
lt_cv_prog_compiler_pic_works=yes
lt_cv_prog_compiler_pic_works_CXX=yes
lt_cv_prog_compiler_rtti_exceptions=no
lt_cv_prog_compiler_static_works=yes
lt_cv_prog_compiler_static_works_CXX=yes
lt_cv_prog_gnu_ld=yes
lt_cv_prog_gnu_ldcxx=yes
lt_cv_sharedlib_from_linklib_cmd='printf %s\n'
lt_cv_shlibpath_overrides_runpath=yes
lt_cv_sys_global_symbol_pipe='/usr/bin/sed -n -e '\''s/^.*[	 ]\([ABCDGIRSTW][ABCDGIRSTW]*\)[	 ][	 ]*\([_A-Za-z][_A-Za-z0-9]*\)$/\1 \2 \2/p'\'' | /usr/bin/sed '\''/ __gnu_lto/d'\'''
lt_cv_sys_global_symbol_to_c_name_address='/usr/bin/sed -n -e '\''s/^: \(.*\) .*$/  {"\1", (void *) 0},/p'\'' -e '\''s/^[ABCDGIRSTW][ABCDGIRSTW]* .* \(.*\)$/  {"\1", (void *) \&\1},/p'\'''
lt_cv_sys_global_symbol_to_c_name_address_lib_prefix='/usr/bin/sed -n -e '\''s/^: \(.*\) .*$/  {"\1", (void *) 0},/p'\'' -e '\''s/^[ABCDGIRSTW][ABCDGIRSTW]* .* \(lib.*\)$/  {"\1", (void *) \&\1},/p'\'' -e '\''s/^[ABCDGIRSTW][ABCDGIRSTW]* .* \(.*\)$/  {"lib\1", (void *) \&\1},/p'\'''
lt_cv_sys_global_symbol_to_cdecl='/usr/bin/sed -n -e '\''s/^T .* \(.*\)$/extern int \1();/p'\'' -e '\''s/^[ABCDGIRSTW][ABCDGIRSTW]* .* \(.*\)$/extern char \1;/p'\'''
lt_cv_sys_global_symbol_to_import=
lt_cv_sys_max_cmd_len=1572864
lt_cv_to_host_file_cmd=func_convert_file_noop
lt_cv_to_tool_file_cmd=func_convert_file_noop
lt_cv_truncate_bin='/usr/bin/dd bs=4096 count=1'
xiph_cv_c_compiler_clang=no

## ----------------- ##
## Output variables. ##
## ----------------- ##

ACLOCAL='${SHELL} '\''/home/harry/MISRC_GUI/flac-1.5.0/missing'\'' aclocal-1.16'
AMDEPBACKSLASH='\'
AMDEP_FALSE='#'
AMDEP_TRUE=''
AMTAR='$${TAR-tar}'
AM_BACKSLASH='\'
AM_DEFAULT_V='$(AM_DEFAULT_VERBOSITY)'
AM_DEFAULT_VERBOSITY='0'
AM_V='$(V)'
AR='ar'
AS='as'
ASSOC_MATH_AVAILABLE_FALSE='#'
ASSOC_MATH_AVAILABLE_TRUE=''
AUTOCONF='${SHELL} '\''/home/harry/MISRC_GUI/flac-1.5.0/missing'\'' autoconf'
AUTOHEADER='${SHELL} '\''/home/harry/MISRC_GUI/flac-1.5.0/missing'\'' autoheader'
AUTOMAKE='${SHELL} '\''/home/harry/MISRC_GUI/flac-1.5.0/missing'\'' automake-1.16'
AWK='gawk'
CC='gcc'
CCAS='gcc'
CCASDEPMODE='depmode=gcc3'
CCASFLAGS=''
CCDEPMODE='depmode=gcc3'
CFLAGS='-O3 -funroll-loops  -pthread -Wall -Wextra -Wstrict-prototypes -Wmissing-prototypes -Waggregate-return -Wcast-align -Wnested-externs -Wshadow -Wundef -Wmissing-declarations -Winline  -Wdeclaration-after-statement -fvisibility=hidden -fstack-protector-strong'
CPP='gcc -E'
CPPFLAGS='-DFLAC__NO_DLL  -DFLAC__USE_VISIBILITY_ATTR'
CSCOPE='cscope'
CTAGS='ctags'
CXX='g++'
CXXCPP='g++ -E'
CXXDEPMODE='depmode=gcc3'
CXXFLAGS='-O3  -pthread -Wall -Wextra -Wcast-align -Wshadow -Wwrite-strings -Wctor-dtor-privacy -Wnon-virtual-dtor -Wreorder -Wsign-promo -Wundef  -Weffc++ -fvisibility=hidden -fstack-protector-strong'
CYGPATH_W='echo'
DEBUG_FALSE=''
DEBUG_TRUE='#'
DEFS='-DHAVE_CONFIG_H'
DEPDIR='.deps'
DLLTOOL='false'
DOXYGEN='doxygen'
DSYMUTIL=''
DUMPBIN=''
ECHO_C=''
ECHO_N='-n'
ECHO_T=''
EGREP='/usr/bin/grep -E'
ENABLE_64_BIT_WORDS=''
ETAGS='etags'
EXAMPLES_FALSE=''
EXAMPLES_TRUE='#'
EXEEXT=''
FGREP='/usr/bin/grep -F'
FILECMD='file'
FLAC_STATIC_LIBS=''
FLAC__CPU_ARM64_FALSE=''
FLAC__CPU_ARM64_TRUE='#'
FLAC__CPU_X86_64_FALSE='#'
FLAC__CPU_X86_64_TRUE=''
FLAC__HAS_OGG='0'
FLAC__TEST_LEVEL='1'
FLAC__TEST_WITH_VALGRIND='no'
FLaC__CPU_IA32_FALSE=''
FLaC__CPU_IA32_TRUE='#'
FLaC__HAS_DOXYGEN_FALSE='#'
FLaC__HAS_DOXYGEN_TRUE=''
FLaC__HAS_OGG_FALSE=''
FLaC__HAS_OGG_TRUE='#'
FLaC__HAS_PANDOC_FALSE='#'
FLaC__HAS_PANDOC_TRUE=''
FLaC__HAS_PREBUILT_DOXYGEN_FALSE=''
FLaC__HAS_PREBUILT_DOXYGEN_TRUE='#'
FLaC__HAS_PREBUILT_MANPAGES_FALSE=''
FLaC__HAS_PREBUILT_MANPAGES_TRUE='#'
FLaC__NO_ASM_FALSE=''
FLaC__NO_ASM_TRUE='#'
FLaC__SYS_DARWIN_FALSE=''
FLaC__SYS_DARWIN_TRUE='#'
FLaC__SYS_LINUX_FALSE='#'
FLaC__SYS_LINUX_TRUE=''
FLaC__USE_AVX_FALSE='#'
FLaC__USE_AVX_TRUE=''
FLaC__WITH_CPPLIBS_FALSE='#'
FLaC__WITH_CPPLIBS_TRUE=''
FLaC__WITH_PROGRAMS_FALSE=''
FLaC__WITH_PROGRAMS_TRUE='#'
GCC_MAJOR_VERSION='11'
GCC_MINOR_VERSION='11'
GCC_VERSION='11'
GIT_COMMIT_VERSION_HASH=''
GIT_FOUND='yes'
GREP='/usr/bin/grep'
HAVE_WINDRES_FALSE='#'
HAVE_WINDRES_TRUE=''
INSTALL_DATA='${INSTALL} -m 644'
INSTALL_PROGRAM='${INSTALL}'
INSTALL_SCRIPT='${INSTALL}'
INSTALL_STRIP_PROGRAM='$(install_sh) -c -s'
LD='/usr/bin/ld -m elf_x86_64'
LDFLAGS=''
LIBICONV=''
LIBOBJS=''
LIBS='-lpthread -lm '
LIBTOOL='$(SHELL) $(top_builddir)/libtool'
LIB_CLOCK_GETTIME='-lrt'
LIB_FUZZING_ENGINE=''
LIPO=''
LN_S='ln -s'
LTLIBICONV=''
LTLIBOBJS=''
LT_SYS_LIBRARY_PATH=''
MAKEINFO='${SHELL} '\''/home/harry/MISRC_GUI/flac-1.5.0/missing'\'' makeinfo'
MANIFEST_TOOL=':'
MKDIR_P='/usr/bin/mkdir -p'
NM='/usr/bin/nm -B'
NMEDIT=''
OBJDUMP='objdump'
OBJEXT='o'
OBJ_FORMAT='elf'
OGG_CFLAGS=''
OGG_LIBS=''
OGG_PACKAGE=''
OS_IS_WINDOWS_FALSE=''
OS_IS_WINDOWS_TRUE='#'
OTOOL64=''
OTOOL=''
PACKAGE='flac'
PACKAGE_BUGREPORT='flac-dev@xiph.org'
PACKAGE_NAME='flac'
PACKAGE_STRING='flac 1.5.0'
PACKAGE_TARNAME='flac'
PACKAGE_URL='https://www.xiph.org/flac/'
PACKAGE_VERSION='1.5.0'
PANDOC='pandoc'
PATH_SEPARATOR=':'
PTHREAD_CC='gcc'
PTHREAD_CFLAGS='-pthread'
PTHREAD_CXX='g++'
PTHREAD_LIBS='-lpthread'
RANLIB='ranlib'
RC=''
SED='/usr/bin/sed'
SET_MAKE=''
SHELL='/bin/bash'
STRIP='strip'
USE_OSSFUZZERS_FALSE=''
USE_OSSFUZZERS_TRUE='#'
VERSION='1.5.0'
ac_ct_AR='ar'
ac_ct_CC='gcc'
ac_ct_CXX='g++'
ac_ct_DUMPBIN=''
am__EXEEXT_FALSE=''
am__EXEEXT_TRUE='#'
am__fastdepCCAS_FALSE='#'
am__fastdepCCAS_TRUE=''
am__fastdepCC_FALSE='#'
am__fastdepCC_TRUE=''
am__fastdepCXX_FALSE='#'
am__fastdepCXX_TRUE=''
am__include='include'
am__isrc=''
am__leading_dot='.'
am__nodep='_no'
am__quote=''
am__tar='tar --format=posix -chf - "$$tardir"'
am__untar='tar -xf -'
ax_pthread_config=''
bindir='${exec_prefix}/bin'
build='x86_64-pc-linux-gnu'
build_alias=''
build_cpu='x86_64'
build_os='linux-gnu'
build_vendor='pc'
datadir='${datarootdir}'
datarootdir='${prefix}/share'
docdir='${datarootdir}/doc/${PACKAGE_TARNAME}'
dvidir='${docdir}'
exec_prefix='${prefix}'
host='x86_64-pc-linux-gnu'
host_alias=''
host_cpu='x86_64'
host_os='linux-gnu'
host_vendor='pc'
htmldir='${docdir}'
includedir='${prefix}/include'
infodir='${datarootdir}/info'
install_sh='${SHELL} /home/harry/MISRC_GUI/flac-1.5.0/install-sh'
libdir='${exec_prefix}/lib'
libexecdir='${exec_prefix}/libexec'
localedir='${datarootdir}/locale'
localstatedir='${prefix}/var'
mandir='${datarootdir}/man'
mkdir_p='$(MKDIR_P)'
oldincludedir='/usr/include'
pdfdir='${docdir}'
prefix='/home/harry/MISRC_GUI/build/workspace'
program_transform_name='s,x,x,'
psdir='${docdir}'
runstatedir='${localstatedir}/run'
sbindir='${exec_prefix}/sbin'
sharedstatedir='${prefix}/com'
sysconfdir='${prefix}/etc'
target_alias=''

## ----------- ##
## confdefs.h. ##
## ----------- ##

/* confdefs.h */
#define PACKAGE_NAME "flac"
#define PACKAGE_TARNAME "flac"
#define PACKAGE_VERSION "1.5.0"
#define PACKAGE_STRING "flac 1.5.0"
#define PACKAGE_BUGREPORT "flac-dev@xiph.org"
#define PACKAGE_URL "https://www.xiph.org/flac/"
#define PACKAGE "flac"
#define VERSION "1.5.0"
#define NDEBUG /**/
#define HAVE_STDIO_H 1
#define HAVE_STDLIB_H 1
#define HAVE_STRING_H 1
#define HAVE_INTTYPES_H 1
#define HAVE_STDINT_H 1
#define HAVE_STRINGS_H 1
#define HAVE_SYS_STAT_H 1
#define HAVE_SYS_TYPES_H 1
#define HAVE_UNISTD_H 1
#define HAVE_WCHAR_H 1
#define STDC_HEADERS 1
#define _ALL_SOURCE 1
#define _DARWIN_C_SOURCE 1
#define _GNU_SOURCE 1
#define _HPUX_ALT_XOPEN_SOCKET_API 1
#define _NETBSD_SOURCE 1
#define _OPENBSD_SOURCE 1
#define _POSIX_PTHREAD_SEMANTICS 1
#define __STDC_WANT_IEC_60559_ATTRIBS_EXT__ 1
#define __STDC_WANT_IEC_60559_BFP_EXT__ 1
#define __STDC_WANT_IEC_60559_DFP_EXT__ 1
#define __STDC_WANT_IEC_60559_FUNCS_EXT__ 1
#define __STDC_WANT_IEC_60559_TYPES_EXT__ 1
#define __STDC_WANT_LIB_EXT2__ 1
#define __STDC_WANT_MATH_SPEC_FUNCS__ 1
#define _TANDEM_SOURCE 1
#define __EXTENSIONS__ 1
#define HAVE_DLFCN_H 1
#define LT_OBJDIR ".libs/"
#define HAVE_FSEEKO 1
#define SIZEOF_OFF_T 8
#define SIZEOF_VOIDP 8
#define HAVE_LROUND 1
#define HAVE_TYPEOF 1
#define HAVE_STDINT_H 1
#define HAVE_STDBOOL_H 1
#define HAVE_INTTYPES_H 1
#define HAVE_BYTESWAP_H 1
#define HAVE_SYS_AUXV_H 1
#define HAVE_SYS_PARAM_H 1
#define HAVE_SYS_IOCTL_H 1
#define HAVE_SYS_TIME_H 1
#define HAVE_TERMIOS_H 1
#define HAVE_X86INTRIN_H 1
#define HAVE_CPUID_H 1
#define HAVE_BSWAP32 1
#define HAVE_BSWAP16 1
#define CPU_IS_BIG_ENDIAN 0
#define CPU_IS_LITTLE_ENDIAN 1
#define WORDS_BIGENDIAN 0
#define HAVE_GETAUXVAL 1
#define HAVE_GETOPT_LONG 1
#define SIZEOF_VOIDP 8
#define FLAC__CPU_X86_64 1
#define FLAC__HAS_X86INTRIN 1
#define FLAC__HAS_NEONINTRIN 0
#define FLAC__SYS_LINUX 1
#define FLAC__ALIGN_MALLOC_DATA 1
#define FLAC__USE_AVX 1
#define ENABLE_64_BIT_WORDS 1
#define FLAC__HAS_OGG 0
#define HAVE_PTHREAD_PRIO_INHERIT 1
#define HAVE_PTHREAD 1
#define HAVE_ICONV 1
#define ICONV_CONST 
#define HAVE_LANGINFO_CODESET 1
#define FLAC__HAS_PANDOC 1
#define HAVE_CLOCK_GETTIME 1

configure: exit 0
